2026-03-22T09:06:26Z INF Thank you for trying Cloudflare Tunnel. Doing so, without a Cloudflare account, is a quick way to experiment and try it out. However, be aware that these account-less Tunnels have no uptime guarantee, are subject to the Cloudflare Online Services Terms of Use (https://www.cloudflare.com/website-terms/), and Cloudflare reserves the right to investigate your use of Tunnels for violations of such terms. If you intend to use Tunnels in production you should use a pre-created named tunnel by following: https://developers.cloudflare.com/cloudflare-one/connections/connect-apps
2026-03-22T09:06:26Z INF Requesting new quick Tunnel on trycloudflare.com...
2026-03-22T09:06:32Z INF +--------------------------------------------------------------------------------------------+
2026-03-22T09:06:32Z INF |  Your quick Tunnel has been created! Visit it at (it may take some time to be reachable):  |
2026-03-22T09:06:32Z INF |  https://clock-incentives-looked-alaska.trycloudflare.com                                  |
2026-03-22T09:06:32Z INF +--------------------------------------------------------------------------------------------+
2026-03-22T09:06:32Z INF Cannot determine default configuration path. No file [config.yml config.yaml] in [~/.cloudflared ~/.cloudflare-warp ~/cloudflare-warp]
2026-03-22T09:06:32Z INF Version 2025.8.1 (Checksum b5d598b00cc3a28cabc5812d9f762819334614bae452db4e7f23eefe7b081556)
2026-03-22T09:06:32Z INF GOOS: windows, GOVersion: go1.24.2, GoArch: amd64
2026-03-22T09:06:32Z INF Settings: map[ha-connections:1 protocol:quic url:http://localhost:5000]
2026-03-22T09:06:32Z INF cloudflared will not automatically update on Windows systems.
2026-03-22T09:06:32Z INF Generated Connector ID: 998eede1-2957-400c-ad07-f73ea3280f86
2026-03-22T09:06:32Z INF Initial protocol quic
2026-03-22T09:06:32Z INF ICMP proxy will use 192.168.1.5 as source for IPv4
2026-03-22T09:06:33Z INF ICMP proxy will use 2401:4900:1ce1:5094:4871:939a:bc7d:f03a in zone Wi-Fi as source for IPv6
2026-03-22T09:06:33Z ERR Cannot determine default origin certificate path. No file cert.pem in [~/.cloudflared ~/.cloudflare-warp ~/cloudflare-warp]. You need to specify the origin certificate path by specifying the origincert option in the configuration file, or set TUNNEL_ORIGIN_CERT environment variable originCertPath=
2026-03-22T09:06:33Z INF cloudflared does not support loading the system root certificate pool on Windows. Please use --origin-ca-pool <PATH> to specify the path to the certificate pool
2026-03-22T09:06:33Z INF ICMP proxy will use 192.168.1.5 as source for IPv4
2026-03-22T09:06:33Z INF Tunnel connection curve preferences: [X25519MLKEM768 CurveP256] connIndex=0 event=0 ip=198.41.192.7
2026-03-22T09:06:33Z INF ICMP proxy will use 2401:4900:1ce1:5094:4871:939a:bc7d:f03a in zone Wi-Fi as source for IPv6
2026-03-22T09:06:33Z INF Starting metrics server on 127.0.0.1:20241/metrics
2026-03-22T09:06:34Z INF Registered tunnel connection connIndex=0 connection=45876ebe-96e4-4513-bf06-5b9e019d2521 event=0 ip=198.41.192.7 location=maa05 protocol=quic
2026-03-22T09:06:38Z ERR Failed to initialize DNS local resolver error="lookup region1.v2.argotunnel.com: i/o timeout"
2026-03-22T09:11:43Z ERR Failed to refresh DNS local resolver error="lookup region1.v2.argotunnel.com: i/o timeout"
2026-03-22T09:16:48Z ERR Failed to refresh DNS local resolver error="lookup region1.v2.argotunnel.com: i/o timeout"
2026-03-22T09:21:53Z ERR Failed to refresh DNS local resolver error="lookup region1.v2.argotunnel.com: i/o timeout"
2026-03-22T09:26:58Z ERR Failed to refresh DNS local resolver error="lookup region1.v2.argotunnel.com: i/o timeout"
2026-03-22T09:32:03Z ERR Failed to refresh DNS local resolver error="lookup region1.v2.argotunnel.com: i/o timeout"
2026-03-22T09:37:08Z ERR Failed to refresh DNS local resolver error="lookup region1.v2.argotunnel.com: i/o timeout"
2026-03-22T09:42:13Z ERR Failed to refresh DNS local resolver error="lookup region1.v2.argotunnel.com: i/o timeout"
2026-03-22T09:47:18Z ERR Failed to refresh DNS local resolver error="lookup region1.v2.argotunnel.com: i/o timeout"
2026-03-22T09:52:23Z ERR Failed to refresh DNS local resolver error="lookup region1.v2.argotunnel.com: i/o timeout"
2026-03-22T09:53:38Z ERR  error="Unable to reach the origin service. The service may be down or it may not be responding to traffic from cloudflared: dial tcp [::1]:5000: connectex: No connection could be made because the target machine actively refused it." connIndex=0 event=1 ingressRule=0 originService=http://localhost:5000
2026-03-22T09:53:38Z ERR Request failed error="Unable to reach the origin service. The service may be down or it may not be responding to traffic from cloudflared: dial tcp [::1]:5000: connectex: No connection could be made because the target machine actively refused it." connIndex=0 dest=https://clock-incentives-looked-alaska.trycloudflare.com/api/exams event=0 ip=198.41.192.7 type=http
2026-03-22T09:53:38Z ERR  error="Unable to reach the origin service. The service may be down or it may not be responding to traffic from cloudflared: dial tcp [::1]:5000: connectex: No connection could be made because the target machine actively refused it." connIndex=0 event=1 ingressRule=0 originService=http://localhost:5000
2026-03-22T09:53:38Z ERR Request failed error="Unable to reach the origin service. The service may be down or it may not be responding to traffic from cloudflared: dial tcp [::1]:5000: connectex: No connection could be made because the target machine actively refused it." connIndex=0 dest=https://clock-incentives-looked-alaska.trycloudflare.com/api/exams event=0 ip=198.41.192.7 type=http
2026-03-22T09:53:43Z ERR  error="Unable to reach the origin service. The service may be down or it may not be responding to traffic from cloudflared: dial tcp [::1]:5000: connectex: No connection could be made because the target machine actively refused it." connIndex=0 event=1 ingressRule=0 originService=http://localhost:5000
2026-03-22T09:53:43Z ERR  error="Unable to reach the origin service. The service may be down or it may not be responding to traffic from cloudflared: dial tcp [::1]:5000: connectex: No connection could be made because the target machine actively refused it." connIndex=0 event=1 ingressRule=0 originService=http://localhost:5000
2026-03-22T09:53:43Z ERR Request failed error="Unable to reach the origin service. The service may be down or it may not be responding to traffic from cloudflared: dial tcp [::1]:5000: connectex: No connection could be made because the target machine actively refused it." connIndex=0 dest=https://clock-incentives-looked-alaska.trycloudflare.com/api/exams event=0 ip=198.41.192.7 type=http
2026-03-22T09:53:43Z ERR Request failed error="Unable to reach the origin service. The service may be down or it may not be responding to traffic from cloudflared: dial tcp [::1]:5000: connectex: No connection could be made because the target machine actively refused it." connIndex=0 dest=https://clock-incentives-looked-alaska.trycloudflare.com/api/exams event=0 ip=198.41.192.7 type=http
2026-03-22T09:57:28Z ERR Failed to refresh DNS local resolver error="lookup region1.v2.argotunnel.com: i/o timeout"
2026-03-22T10:02:33Z ERR Failed to refresh DNS local resolver error="lookup region1.v2.argotunnel.com: i/o timeout"
2026-03-22T10:07:38Z ERR Failed to refresh DNS local resolver error="lookup region1.v2.argotunnel.com: i/o timeout"
2026-03-22T10:12:43Z ERR Failed to refresh DNS local resolver error="lookup region1.v2.argotunnel.com: i/o timeout"
2026-03-22T10:17:48Z ERR Failed to refresh DNS local resolver error="lookup region1.v2.argotunnel.com: i/o timeout"
2026-03-22T10:22:53Z ERR Failed to refresh DNS local resolver error="lookup region1.v2.argotunnel.com: i/o timeout"
2026-03-22T10:27:58Z ERR Failed to refresh DNS local resolver error="lookup region1.v2.argotunnel.com: i/o timeout"
2026-03-22T10:33:03Z ERR Failed to refresh DNS local resolver error="lookup region1.v2.argotunnel.com: i/o timeout"
2026-03-22T10:38:08Z ERR Failed to refresh DNS local resolver error="lookup region1.v2.argotunnel.com: i/o timeout"
2026-03-22T10:43:13Z ERR Failed to refresh DNS local resolver error="lookup region1.v2.argotunnel.com: i/o timeout"
2026-03-22T10:48:18Z ERR Failed to refresh DNS local resolver error="lookup region1.v2.argotunnel.com: i/o timeout"
2026-03-22T10:53:23Z ERR Failed to refresh DNS local resolver error="lookup region1.v2.argotunnel.com: i/o timeout"
2026-03-22T10:58:28Z ERR Failed to refresh DNS local resolver error="lookup region1.v2.argotunnel.com: i/o timeout"
2026-03-22T11:03:33Z ERR Failed to refresh DNS local resolver error="lookup region1.v2.argotunnel.com: i/o timeout"
2026-03-22T11:08:38Z ERR Failed to refresh DNS local resolver error="lookup region1.v2.argotunnel.com: i/o timeout"
2026-03-22T11:13:43Z ERR Failed to refresh DNS local resolver error="lookup region1.v2.argotunnel.com: i/o timeout"
2026-03-22T11:18:48Z ERR Failed to refresh DNS local resolver error="lookup region1.v2.argotunnel.com: i/o timeout"
2026-03-22T11:23:53Z ERR Failed to refresh DNS local resolver error="lookup region1.v2.argotunnel.com: i/o timeout"
2026-03-22T11:28:58Z ERR Failed to refresh DNS local resolver error="lookup region1.v2.argotunnel.com: i/o timeout"
2026-03-22T11:34:03Z ERR Failed to refresh DNS local resolver error="lookup region1.v2.argotunnel.com: i/o timeout"
2026-03-22T11:39:08Z ERR Failed to refresh DNS local resolver error="lookup region1.v2.argotunnel.com: i/o timeout"
2026-03-22T11:44:13Z ERR Failed to refresh DNS local resolver error="lookup region1.v2.argotunnel.com: i/o timeout"
2026-03-22T11:49:18Z ERR Failed to refresh DNS local resolver error="lookup region1.v2.argotunnel.com: i/o timeout"
2026-03-22T11:54:23Z ERR Failed to refresh DNS local resolver error="lookup region1.v2.argotunnel.com: i/o timeout"
2026-03-22T11:59:28Z ERR Failed to refresh DNS local resolver error="lookup region1.v2.argotunnel.com: i/o timeout"
2026-03-22T12:04:33Z ERR Failed to refresh DNS local resolver error="lookup region1.v2.argotunnel.com: i/o timeout"
2026-03-22T12:09:38Z ERR Failed to refresh DNS local resolver error="lookup region1.v2.argotunnel.com: i/o timeout"
2026-03-22T12:14:43Z ERR Failed to refresh DNS local resolver error="lookup region1.v2.argotunnel.com: i/o timeout"
2026-03-22T12:19:48Z ERR Failed to refresh DNS local resolver error="lookup region1.v2.argotunnel.com: i/o timeout"
2026-03-22T12:24:53Z ERR Failed to refresh DNS local resolver error="lookup region1.v2.argotunnel.com: i/o timeout"
2026-03-22T12:29:58Z ERR Failed to refresh DNS local resolver error="lookup region1.v2.argotunnel.com: i/o timeout"
2026-03-22T12:35:03Z ERR Failed to refresh DNS local resolver error="lookup region1.v2.argotunnel.com: i/o timeout"
2026-03-22T12:40:08Z ERR Failed to refresh DNS local resolver error="lookup region1.v2.argotunnel.com: i/o timeout"
2026-03-22T12:45:13Z ERR Failed to refresh DNS local resolver error="lookup region1.v2.argotunnel.com: i/o timeout"
2026-03-22T12:50:18Z ERR Failed to refresh DNS local resolver error="lookup region1.v2.argotunnel.com: i/o timeout"
2026-03-22T12:55:23Z ERR Failed to refresh DNS local resolver error="lookup region1.v2.argotunnel.com: i/o timeout"
2026-03-22T13:00:28Z ERR Failed to refresh DNS local resolver error="lookup region1.v2.argotunnel.com: i/o timeout"
2026-03-22T13:05:33Z ERR Failed to refresh DNS local resolver error="lookup region1.v2.argotunnel.com: i/o timeout"
2026-03-22T13:10:38Z ERR Failed to refresh DNS local resolver error="lookup region1.v2.argotunnel.com: i/o timeout"
2026-03-22T13:15:43Z ERR Failed to refresh DNS local resolver error="lookup region1.v2.argotunnel.com: i/o timeout"
2026-03-22T13:20:48Z ERR Failed to refresh DNS local resolver error="lookup region1.v2.argotunnel.com: i/o timeout"
2026-03-22T13:25:53Z ERR Failed to refresh DNS local resolver error="lookup region1.v2.argotunnel.com: i/o timeout"
2026-03-22T13:30:58Z ERR Failed to refresh DNS local resolver error="lookup region1.v2.argotunnel.com: i/o timeout"
2026-03-22T13:36:03Z ERR Failed to refresh DNS local resolver error="lookup region1.v2.argotunnel.com: i/o timeout"
2026-03-22T13:41:08Z ERR Failed to refresh DNS local resolver error="lookup region1.v2.argotunnel.com: i/o timeout"
2026-03-22T13:46:13Z ERR Failed to refresh DNS local resolver error="lookup region1.v2.argotunnel.com: i/o timeout"
2026-03-22T13:51:18Z ERR Failed to refresh DNS local resolver error="lookup region1.v2.argotunnel.com: i/o timeout"
2026-03-22T13:56:23Z ERR Failed to refresh DNS local resolver error="lookup region1.v2.argotunnel.com: i/o timeout"
2026-03-22T14:01:28Z ERR Failed to refresh DNS local resolver error="lookup region1.v2.argotunnel.com: i/o timeout"
2026-03-22T14:06:33Z ERR Failed to refresh DNS local resolver error="lookup region1.v2.argotunnel.com: i/o timeout"
2026-03-22T14:11:38Z ERR Failed to refresh DNS local resolver error="lookup region1.v2.argotunnel.com: i/o timeout"
2026-03-22T14:16:43Z ERR Failed to refresh DNS local resolver error="lookup region1.v2.argotunnel.com: i/o timeout"
